Arguments: 
  C:\Program Files\nodejs\node.exe C:\Program Files\nodejs\node_modules\yarn\bin\yarn.js

PATH: 
  C:\Users\yanni\bin;D:\GitExtensions\Git\mingw64\bin;D:\GitExtensions\Git\usr\local\bin;D:\GitExtensions\Git\usr\bin;D:\GitExtensions\Git\usr\bin;D:\GitExtensions\Git\mingw64\bin;D:\GitExtensions\Git\usr\bin;C:\Users\yanni\bin;C:\Python310\Scripts;C:\Python310;C:\Python39\Scripts;C:\Python39;C:\Program Files (x86)\VMware\VMware Workstation\bin;C:\Program Files (x86)\Common Files\Oracle\Java\javapath;C:\ProgramData\Oracle\Java\javapath;C:\Program Files (x86)\Intel\iCLS Client;C:\Program Files\Intel\iCLS Client;C:\Windows\System32;C:\Windows;C:\Windows\System32\wbem;C:\Windows\System32\WindowsPowerShell\v1.0;C:\Program Files (x86)\NVIDIA Corporation\PhysX\Common;C:\Program Files (x86)\Intel\Intel(R) Management Engine Components\DAL;C:\Program Files\Intel\Intel(R) Management Engine Components\DAL;C:\Program Files (x86)\Intel\Intel(R) Management Engine Components\IPT;C:\Program Files\Intel\Intel(R) Management Engine Components\IPT;C:\Program Files\Intel\WiFi\bin;C:\Program Files\Common Files\Intel\WirelessCommon;C:\Users\yanni\.dnx\bin;C:\Program Files\Microsoft DNX\Dnvm;C:\Program Files\Microsoft SQL Server\130\Tools\Binn;C:\Windows\System32\OpenSSH;C:\Program Files\NVIDIA Corporation\NVIDIA NvDLISR;C:\Windows\System32;C:\Windows;C:\Windows\System32\wbem;C:\Windows\System32\WindowsPowerShell\v1.0;C:\Windows\System32\OpenSSH;C:\ProgramData\chocolatey\bin;C:\Program Files\dotnet;D:\GitExtensions\Git\cmd;C:\Program Files\PuTTY;C:\Program Files (x86)\dotnet;C:\Program Files\Docker\Docker\resources\bin;C:\ProgramData\DockerDesktop\version-bin;C:\Program Files (x86)\Brackets\command;C:\Program Files\nodejs;C:\Program Files\Git LFS;D:\Go\bin;C:\Users\yanni\AppData\Local\Microsoft\WindowsApps;C:\Users\yanni\AppData\Local\Programs\Microsoft VS Code\bin;C:\Users\yanni\.dotnet\tools;C:\Users\yanni\AppData\Local\atom\bin;C:\Users\yanni\AppData\Local\GitHubDesktop\bin;C:\Users\yanni\AppData\Roaming\npm;C:\Users\yanni\AppData\Local\Programs\IPFS Desktop\resources\app.asar.unpacked\src\ipfs-on-path\scripts\bin-win;C:\Users\yanni\go\bin;D:\GitExtensions\Git\usr\bin\vendor_perl;D:\GitExtensions\Git\usr\bin\core_perl

Yarn version: 
  1.22.17

Node version: 
  16.13.0

Platform: 
  win32 x64

Trace: 
  Error: https://registry.yarnpkg.com/@react-icons/all-files/-/all-files-4.1.0.tgz: ESOCKETTIMEDOUT
      at ClientRequest.<anonymous> (C:\Program Files\nodejs\node_modules\yarn\lib\cli.js:141510:19)
      at Object.onceWrapper (node:events:509:28)
      at ClientRequest.emit (node:events:390:28)
      at TLSSocket.emitRequestTimeout (node:_http_client:763:9)
      at Object.onceWrapper (node:events:509:28)
      at TLSSocket.emit (node:events:402:35)
      at TLSSocket.Socket._onTimeout (node:net:501:8)
      at listOnTimeout (node:internal/timers:557:17)
      at processTimers (node:internal/timers:500:7)

npm manifest: 
  {
      "name": "solisiumnetwork",
      "version": "0.1.0",
      "private": true,
      "dependencies": {
          "@babel/plugin-transform-react-jsx-source": "^7.16.7",
          "@emotion/react": "^11.8.2",
          "@emotion/styled": "^11.8.1",
          "@material-ui/core": "^4.12.3",
          "@material-ui/icons": "^4.11.2",
          "@mui/icons-material": "^5.2.5",
          "@mui/material": "^5.2.6",
          "@mui/styled-engine-sc": "^5.1.0",
          "@react-icons/all-files": "^4.1.0",
          "@reduxjs/toolkit": "^1.6.0",
          "@testing-library/jest-dom": "^5.11.4",
          "@testing-library/react": "^11.1.0",
          "@testing-library/user-event": "^12.1.10",
          "@walletconnect/web3-provider": "^1.7.7",
          "@web3auth/core": "^0.7.0",
          "antd": "^4.19.3",
          "axios": "^0.21.4",
          "big-integer": "^1.6.51",
          "bignumber.js": "^9.0.1",
          "bootstrap": "^5.1.3",
          "chart.js": "^3.7.0",
          "crypto-price": "^0.0.6",
          "cryptocurrency-unit-convert": "^1.2.8",
          "currency-converter-lt": "^1.2.3",
          "d3-scale": "^4.0.2",
          "d3-shape": "^3.0.1",
          "ethers": "^5.6.2",
          "faker": "^5.5.3",
          "fusioncharts": "^3.18.0",
          "i18next": "^21.6.3",
          "i18next-browser-languagedetector": "^6.1.2",
          "i18next-http-backend": "^1.3.1",
          "install": "^0.13.0",
          "jquery": "^3.6.0",
          "lightweight-charts": "^3.8.0",
          "lodash": "^4.17.21",
          "magic-sdk": "^8.1.0",
          "moralis": "^1.5.7",
          "node-sass": "^6.0.1",
          "numeral": "^2.0.6",
          "@web3auth/base": "^0.3.1",
          "@web3auth/web3auth": "^0.3.3",
          "react": "^17.0.2",
          "react-bootstrap": "^2.0.3",
          "react-chartjs-2": "^4.0.0",
          "react-dom": "^17.0.2",
          "react-fusioncharts": "^3.1.2",
          "react-i18next": "^11.15.1",
          "react-icons": "^4.3.1",
          "react-moralis": "^1.3.5",
          "react-owl-carousel": "^2.3.3",
          "react-pdf": "^5.7.1",
          "react-player": "^2.9.0",
          "react-redux": "^7.2.4",
          "react-router-dom": "^6.2.1",
          "react-scripts": "4.0.3",
          "react-scroll": "^1.8.4",
          "react-tabs": "^4.0.1",
          "react-toastify": "^8.1.0",
          "react-tsparticles": "^1.42.4",
          "react-water-wave": "^1.0.2",
          "reactstrap": "^8.10.0",
          "redux": "^4.1.0",
          "redux-thunk": "^2.3.0",
          "styled-components": "^5.3.3",
          "web-vitals": "^1.0.1",
          "web3": "^1.7.1"
      },
      "scripts": {
          "start": "react-scripts start",
          "build": "react-scripts build",
          "test": "react-scripts test",
          "eject": "react-scripts eject"
      },
      "eslintConfig": {
          "extends": [
              "react-app",
              "react-app/jest"
          ]
      },
      "browserslist": {
          "production": [
              ">0.2%",
              "not dead",
              "not op_mini all"
          ],
          "development": [
              "last 1 chrome version",
              "last 1 firefox version",
              "last 1 safari version"
          ]
      }
  }

yarn manifest: 
  No manifest

Lockfile: 
  No lockfile
